CRITICAL - 2022-01-24 10:07:08 --> Call to undefined method CodeIgniter\View\View::extends()
#0 C:\Users\ALPHA\Dropbox\My PC (DESKTOP-5HJ52K5)\Documents\PhpProjects\taskapp\vendor\codeigniter4\framework\system\View\View.php(210): include()
#1 C:\Users\ALPHA\Dropbox\My PC (DESKTOP-5HJ52K5)\Documents\PhpProjects\taskapp\vendor\codeigniter4\framework\system\View\View.php(213): CodeIgniter\View\View->CodeIgniter\View\{closure}()
#2 C:\Users\ALPHA\Dropbox\My PC (DESKTOP-5HJ52K5)\Documents\PhpProjects\taskapp\vendor\codeigniter4\framework\system\Common.php(1089): CodeIgniter\View\View->render('Login/new', Array, true)
#3 C:\Users\ALPHA\Dropbox\My PC (DESKTOP-5HJ52K5)\Documents\PhpProjects\taskapp\app\Controllers\Login.php(9): view('Login/new')
#4 C:\Users\ALPHA\Dropbox\My PC (DESKTOP-5HJ52K5)\Documents\PhpProjects\taskapp\vendor\codeigniter4\framework\system\CodeIgniter.php(825): App\Controllers\Login->new()
#5 C:\Users\ALPHA\Dropbox\My PC (DESKTOP-5HJ52K5)\Documents\PhpProjects\taskapp\vendor\codeigniter4\framework\system\CodeIgniter.php(412): CodeIgniter\CodeIgniter->runController(Object(App\Controllers\Login))
#6 C:\Users\ALPHA\Dropbox\My PC (DESKTOP-5HJ52K5)\Documents\PhpProjects\taskapp\vendor\codeigniter4\framework\system\CodeIgniter.php(320): CodeIgniter\CodeIgniter->handleRequest(NULL, Object(Config\Cache), false)
#7 C:\Users\ALPHA\Dropbox\My PC (DESKTOP-5HJ52K5)\Documents\PhpProjects\taskapp\public\index.php(37): CodeIgniter\CodeIgniter->run()
#8 {main}
CRITICAL - 2022-01-24 10:07:59 --> Call to undefined method CodeIgniter\View\View::extends()
#0 C:\Users\ALPHA\Dropbox\My PC (DESKTOP-5HJ52K5)\Documents\PhpProjects\taskapp\vendor\codeigniter4\framework\system\View\View.php(210): include()
#1 C:\Users\ALPHA\Dropbox\My PC (DESKTOP-5HJ52K5)\Documents\PhpProjects\taskapp\vendor\codeigniter4\framework\system\View\View.php(213): CodeIgniter\View\View->CodeIgniter\View\{closure}()
#2 C:\Users\ALPHA\Dropbox\My PC (DESKTOP-5HJ52K5)\Documents\PhpProjects\taskapp\vendor\codeigniter4\framework\system\Common.php(1089): CodeIgniter\View\View->render('login/new', Array, true)
#3 C:\Users\ALPHA\Dropbox\My PC (DESKTOP-5HJ52K5)\Documents\PhpProjects\taskapp\app\Controllers\Login.php(9): view('login/new')
#4 C:\Users\ALPHA\Dropbox\My PC (DESKTOP-5HJ52K5)\Documents\PhpProjects\taskapp\vendor\codeigniter4\framework\system\CodeIgniter.php(825): App\Controllers\Login->new()
#5 C:\Users\ALPHA\Dropbox\My PC (DESKTOP-5HJ52K5)\Documents\PhpProjects\taskapp\vendor\codeigniter4\framework\system\CodeIgniter.php(412): CodeIgniter\CodeIgniter->runController(Object(App\Controllers\Login))
#6 C:\Users\ALPHA\Dropbox\My PC (DESKTOP-5HJ52K5)\Documents\PhpProjects\taskapp\vendor\codeigniter4\framework\system\CodeIgniter.php(320): CodeIgniter\CodeIgniter->handleRequest(NULL, Object(Config\Cache), false)
#7 C:\Users\ALPHA\Dropbox\My PC (DESKTOP-5HJ52K5)\Documents\PhpProjects\taskapp\public\index.php(37): CodeIgniter\CodeIgniter->run()
#8 {main}
