CRITICAL - 2022-02-04 12:27:38 --> Trying to get property 'is_admin' of non-object
#0 C:\Users\ALPHA\Dropbox\My PC (DESKTOP-5HJ52K5)\Documents\PhpProjects\taskapp\app\Filters\AdminFilter.php(15): CodeIgniter\Debug\Exceptions->errorHandler(8, 'Trying to get p...', 'C:\\Users\\ALPHA\\...', 15, Array)
#1 C:\Users\ALPHA\Dropbox\My PC (DESKTOP-5HJ52K5)\Documents\PhpProjects\taskapp\vendor\codeigniter4\framework\system\Filters\Filters.php(173): App\Filters\AdminFilter->before(Object(CodeIgniter\HTTP\IncomingRequest), NULL)
#2 C:\Users\ALPHA\Dropbox\My PC (DESKTOP-5HJ52K5)\Documents\PhpProjects\taskapp\vendor\codeigniter4\framework\system\CodeIgniter.php(386): CodeIgniter\Filters\Filters->run('admin/users', 'before')
#3 C:\Users\ALPHA\Dropbox\My PC (DESKTOP-5HJ52K5)\Documents\PhpProjects\taskapp\vendor\codeigniter4\framework\system\CodeIgniter.php(320): CodeIgniter\CodeIgniter->handleRequest(NULL, Object(Config\Cache), false)
#4 C:\Users\ALPHA\Dropbox\My PC (DESKTOP-5HJ52K5)\Documents\PhpProjects\taskapp\public\index.php(37): CodeIgniter\CodeIgniter->run()
#5 {main}
CRITICAL - 2022-02-04 12:27:52 --> Trying to get property 'is_admin' of non-object
#0 C:\Users\ALPHA\Dropbox\My PC (DESKTOP-5HJ52K5)\Documents\PhpProjects\taskapp\app\Filters\AdminFilter.php(15): CodeIgniter\Debug\Exceptions->errorHandler(8, 'Trying to get p...', 'C:\\Users\\ALPHA\\...', 15, Array)
#1 C:\Users\ALPHA\Dropbox\My PC (DESKTOP-5HJ52K5)\Documents\PhpProjects\taskapp\vendor\codeigniter4\framework\system\Filters\Filters.php(173): App\Filters\AdminFilter->before(Object(CodeIgniter\HTTP\IncomingRequest), NULL)
#2 C:\Users\ALPHA\Dropbox\My PC (DESKTOP-5HJ52K5)\Documents\PhpProjects\taskapp\vendor\codeigniter4\framework\system\CodeIgniter.php(386): CodeIgniter\Filters\Filters->run('admin/users/del...', 'before')
#3 C:\Users\ALPHA\Dropbox\My PC (DESKTOP-5HJ52K5)\Documents\PhpProjects\taskapp\vendor\codeigniter4\framework\system\CodeIgniter.php(320): CodeIgniter\CodeIgniter->handleRequest(NULL, Object(Config\Cache), false)
#4 C:\Users\ALPHA\Dropbox\My PC (DESKTOP-5HJ52K5)\Documents\PhpProjects\taskapp\public\index.php(37): CodeIgniter\CodeIgniter->run()
#5 {main}
CRITICAL - 2022-02-04 12:28:59 --> Trying to get property 'is_admin' of non-object
#0 C:\Users\ALPHA\Dropbox\My PC (DESKTOP-5HJ52K5)\Documents\PhpProjects\taskapp\app\Filters\AdminFilter.php(15): CodeIgniter\Debug\Exceptions->errorHandler(8, 'Trying to get p...', 'C:\\Users\\ALPHA\\...', 15, Array)
#1 C:\Users\ALPHA\Dropbox\My PC (DESKTOP-5HJ52K5)\Documents\PhpProjects\taskapp\vendor\codeigniter4\framework\system\Filters\Filters.php(173): App\Filters\AdminFilter->before(Object(CodeIgniter\HTTP\IncomingRequest), NULL)
#2 C:\Users\ALPHA\Dropbox\My PC (DESKTOP-5HJ52K5)\Documents\PhpProjects\taskapp\vendor\codeigniter4\framework\system\CodeIgniter.php(386): CodeIgniter\Filters\Filters->run('admin/users/del...', 'before')
#3 C:\Users\ALPHA\Dropbox\My PC (DESKTOP-5HJ52K5)\Documents\PhpProjects\taskapp\vendor\codeigniter4\framework\system\CodeIgniter.php(320): CodeIgniter\CodeIgniter->handleRequest(NULL, Object(Config\Cache), false)
#4 C:\Users\ALPHA\Dropbox\My PC (DESKTOP-5HJ52K5)\Documents\PhpProjects\taskapp\public\index.php(37): CodeIgniter\CodeIgniter->run()
#5 {main}
CRITICAL - 2022-02-04 12:29:04 --> Trying to get property 'is_admin' of non-object
#0 C:\Users\ALPHA\Dropbox\My PC (DESKTOP-5HJ52K5)\Documents\PhpProjects\taskapp\app\Filters\AdminFilter.php(15): CodeIgniter\Debug\Exceptions->errorHandler(8, 'Trying to get p...', 'C:\\Users\\ALPHA\\...', 15, Array)
#1 C:\Users\ALPHA\Dropbox\My PC (DESKTOP-5HJ52K5)\Documents\PhpProjects\taskapp\vendor\codeigniter4\framework\system\Filters\Filters.php(173): App\Filters\AdminFilter->before(Object(CodeIgniter\HTTP\IncomingRequest), NULL)
#2 C:\Users\ALPHA\Dropbox\My PC (DESKTOP-5HJ52K5)\Documents\PhpProjects\taskapp\vendor\codeigniter4\framework\system\CodeIgniter.php(386): CodeIgniter\Filters\Filters->run('admin/users/sho...', 'before')
#3 C:\Users\ALPHA\Dropbox\My PC (DESKTOP-5HJ52K5)\Documents\PhpProjects\taskapp\vendor\codeigniter4\framework\system\CodeIgniter.php(320): CodeIgniter\CodeIgniter->handleRequest(NULL, Object(Config\Cache), false)
#4 C:\Users\ALPHA\Dropbox\My PC (DESKTOP-5HJ52K5)\Documents\PhpProjects\taskapp\public\index.php(37): CodeIgniter\CodeIgniter->run()
#5 {main}
CRITICAL - 2022-02-04 12:29:12 --> Trying to get property 'is_admin' of non-object
#0 C:\Users\ALPHA\Dropbox\My PC (DESKTOP-5HJ52K5)\Documents\PhpProjects\taskapp\app\Filters\AdminFilter.php(15): CodeIgniter\Debug\Exceptions->errorHandler(8, 'Trying to get p...', 'C:\\Users\\ALPHA\\...', 15, Array)
#1 C:\Users\ALPHA\Dropbox\My PC (DESKTOP-5HJ52K5)\Documents\PhpProjects\taskapp\vendor\codeigniter4\framework\system\Filters\Filters.php(173): App\Filters\AdminFilter->before(Object(CodeIgniter\HTTP\IncomingRequest), NULL)
#2 C:\Users\ALPHA\Dropbox\My PC (DESKTOP-5HJ52K5)\Documents\PhpProjects\taskapp\vendor\codeigniter4\framework\system\CodeIgniter.php(386): CodeIgniter\Filters\Filters->run('admin/users', 'before')
#3 C:\Users\ALPHA\Dropbox\My PC (DESKTOP-5HJ52K5)\Documents\PhpProjects\taskapp\vendor\codeigniter4\framework\system\CodeIgniter.php(320): CodeIgniter\CodeIgniter->handleRequest(NULL, Object(Config\Cache), false)
#4 C:\Users\ALPHA\Dropbox\My PC (DESKTOP-5HJ52K5)\Documents\PhpProjects\taskapp\public\index.php(37): CodeIgniter\CodeIgniter->run()
#5 {main}
CRITICAL - 2022-02-04 12:29:13 --> Trying to get property 'is_admin' of non-object
#0 C:\Users\ALPHA\Dropbox\My PC (DESKTOP-5HJ52K5)\Documents\PhpProjects\taskapp\app\Filters\AdminFilter.php(15): CodeIgniter\Debug\Exceptions->errorHandler(8, 'Trying to get p...', 'C:\\Users\\ALPHA\\...', 15, Array)
#1 C:\Users\ALPHA\Dropbox\My PC (DESKTOP-5HJ52K5)\Documents\PhpProjects\taskapp\vendor\codeigniter4\framework\system\Filters\Filters.php(173): App\Filters\AdminFilter->before(Object(CodeIgniter\HTTP\IncomingRequest), NULL)
#2 C:\Users\ALPHA\Dropbox\My PC (DESKTOP-5HJ52K5)\Documents\PhpProjects\taskapp\vendor\codeigniter4\framework\system\CodeIgniter.php(386): CodeIgniter\Filters\Filters->run('admin/users', 'before')
#3 C:\Users\ALPHA\Dropbox\My PC (DESKTOP-5HJ52K5)\Documents\PhpProjects\taskapp\vendor\codeigniter4\framework\system\CodeIgniter.php(320): CodeIgniter\CodeIgniter->handleRequest(NULL, Object(Config\Cache), false)
#4 C:\Users\ALPHA\Dropbox\My PC (DESKTOP-5HJ52K5)\Documents\PhpProjects\taskapp\public\index.php(37): CodeIgniter\CodeIgniter->run()
#5 {main}
CRITICAL - 2022-02-04 12:29:49 --> Trying to get property 'id' of non-object
#0 C:\Users\ALPHA\Dropbox\My PC (DESKTOP-5HJ52K5)\Documents\PhpProjects\taskapp\app\Controllers\Tasks.php(141): CodeIgniter\Debug\Exceptions->errorHandler(8, 'Trying to get p...', 'C:\\Users\\ALPHA\\...', 141, Array)
#1 C:\Users\ALPHA\Dropbox\My PC (DESKTOP-5HJ52K5)\Documents\PhpProjects\taskapp\app\Controllers\Tasks.php(35): App\Controllers\Tasks->getTaskOr404('1')
#2 C:\Users\ALPHA\Dropbox\My PC (DESKTOP-5HJ52K5)\Documents\PhpProjects\taskapp\vendor\codeigniter4\framework\system\CodeIgniter.php(825): App\Controllers\Tasks->show('1')
#3 C:\Users\ALPHA\Dropbox\My PC (DESKTOP-5HJ52K5)\Documents\PhpProjects\taskapp\vendor\codeigniter4\framework\system\CodeIgniter.php(412): CodeIgniter\CodeIgniter->runController(Object(App\Controllers\Tasks))
#4 C:\Users\ALPHA\Dropbox\My PC (DESKTOP-5HJ52K5)\Documents\PhpProjects\taskapp\vendor\codeigniter4\framework\system\CodeIgniter.php(320): CodeIgniter\CodeIgniter->handleRequest(NULL, Object(Config\Cache), false)
#5 C:\Users\ALPHA\Dropbox\My PC (DESKTOP-5HJ52K5)\Documents\PhpProjects\taskapp\public\index.php(37): CodeIgniter\CodeIgniter->run()
#6 {main}
CRITICAL - 2022-02-04 12:32:29 --> Trying to get property 'id' of non-object
#0 C:\Users\ALPHA\Dropbox\My PC (DESKTOP-5HJ52K5)\Documents\PhpProjects\taskapp\app\Controllers\Tasks.php(25): CodeIgniter\Debug\Exceptions->errorHandler(8, 'Trying to get p...', 'C:\\Users\\ALPHA\\...', 25, Array)
#1 C:\Users\ALPHA\Dropbox\My PC (DESKTOP-5HJ52K5)\Documents\PhpProjects\taskapp\vendor\codeigniter4\framework\system\CodeIgniter.php(825): App\Controllers\Tasks->index()
#2 C:\Users\ALPHA\Dropbox\My PC (DESKTOP-5HJ52K5)\Documents\PhpProjects\taskapp\vendor\codeigniter4\framework\system\CodeIgniter.php(412): CodeIgniter\CodeIgniter->runController(Object(App\Controllers\Tasks))
#3 C:\Users\ALPHA\Dropbox\My PC (DESKTOP-5HJ52K5)\Documents\PhpProjects\taskapp\vendor\codeigniter4\framework\system\CodeIgniter.php(320): CodeIgniter\CodeIgniter->handleRequest(NULL, Object(Config\Cache), false)
#4 C:\Users\ALPHA\Dropbox\My PC (DESKTOP-5HJ52K5)\Documents\PhpProjects\taskapp\public\index.php(37): CodeIgniter\CodeIgniter->run()
#5 {main}
CRITICAL - 2022-02-04 12:35:34 --> Trying to get property 'is_admin' of non-object
#0 C:\Users\ALPHA\Dropbox\My PC (DESKTOP-5HJ52K5)\Documents\PhpProjects\taskapp\app\Filters\AdminFilter.php(15): CodeIgniter\Debug\Exceptions->errorHandler(8, 'Trying to get p...', 'C:\\Users\\ALPHA\\...', 15, Array)
#1 C:\Users\ALPHA\Dropbox\My PC (DESKTOP-5HJ52K5)\Documents\PhpProjects\taskapp\vendor\codeigniter4\framework\system\Filters\Filters.php(173): App\Filters\AdminFilter->before(Object(CodeIgniter\HTTP\IncomingRequest), NULL)
#2 C:\Users\ALPHA\Dropbox\My PC (DESKTOP-5HJ52K5)\Documents\PhpProjects\taskapp\vendor\codeigniter4\framework\system\CodeIgniter.php(386): CodeIgniter\Filters\Filters->run('admin/users', 'before')
#3 C:\Users\ALPHA\Dropbox\My PC (DESKTOP-5HJ52K5)\Documents\PhpProjects\taskapp\vendor\codeigniter4\framework\system\CodeIgniter.php(320): CodeIgniter\CodeIgniter->handleRequest(NULL, Object(Config\Cache), false)
#4 C:\Users\ALPHA\Dropbox\My PC (DESKTOP-5HJ52K5)\Documents\PhpProjects\taskapp\public\index.php(37): CodeIgniter\CodeIgniter->run()
#5 {main}
CRITICAL - 2022-02-04 13:10:09 --> There is no data to update.
#0 C:\Users\ALPHA\Dropbox\My PC (DESKTOP-5HJ52K5)\Documents\PhpProjects\taskapp\vendor\codeigniter4\framework\system\BaseModel.php(846): CodeIgniter\Database\Exceptions\DataException::forEmptyDataset('update')
#1 C:\Users\ALPHA\Dropbox\My PC (DESKTOP-5HJ52K5)\Documents\PhpProjects\taskapp\vendor\codeigniter4\framework\system\Model.php(651): CodeIgniter\BaseModel->update(Array, Array)
#2 C:\Users\ALPHA\Dropbox\My PC (DESKTOP-5HJ52K5)\Documents\PhpProjects\taskapp\vendor\codeigniter4\framework\system\BaseModel.php(656): CodeIgniter\Model->update('12', Object(App\Entities\User))
#3 C:\Users\ALPHA\Dropbox\My PC (DESKTOP-5HJ52K5)\Documents\PhpProjects\taskapp\app\Controllers\Admin\Users.php(102): CodeIgniter\BaseModel->save(Object(App\Entities\User))
#4 C:\Users\ALPHA\Dropbox\My PC (DESKTOP-5HJ52K5)\Documents\PhpProjects\taskapp\vendor\codeigniter4\framework\system\CodeIgniter.php(825): App\Controllers\Admin\Users->update('12')
#5 C:\Users\ALPHA\Dropbox\My PC (DESKTOP-5HJ52K5)\Documents\PhpProjects\taskapp\vendor\codeigniter4\framework\system\CodeIgniter.php(412): CodeIgniter\CodeIgniter->runController(Object(App\Controllers\Admin\Users))
#6 C:\Users\ALPHA\Dropbox\My PC (DESKTOP-5HJ52K5)\Documents\PhpProjects\taskapp\vendor\codeigniter4\framework\system\CodeIgniter.php(320): CodeIgniter\CodeIgniter->handleRequest(NULL, Object(Config\Cache), false)
#7 C:\Users\ALPHA\Dropbox\My PC (DESKTOP-5HJ52K5)\Documents\PhpProjects\taskapp\public\index.php(37): CodeIgniter\CodeIgniter->run()
#8 {main}
ERROR - 2022-02-04 13:11:06 --> Unknown column 'password_confirmation' in 'field list'
CRITICAL - 2022-02-04 13:11:06 --> Unknown column 'password_confirmation' in 'field list'
#0 C:\Users\ALPHA\Dropbox\My PC (DESKTOP-5HJ52K5)\Documents\PhpProjects\taskapp\vendor\codeigniter4\framework\system\Database\MySQLi\Connection.php(292): mysqli->query('INSERT INTO `us...', 0)
#1 C:\Users\ALPHA\Dropbox\My PC (DESKTOP-5HJ52K5)\Documents\PhpProjects\taskapp\vendor\codeigniter4\framework\system\Database\BaseConnection.php(670): CodeIgniter\Database\MySQLi\Connection->execute('INSERT INTO `us...')
#2 C:\Users\ALPHA\Dropbox\My PC (DESKTOP-5HJ52K5)\Documents\PhpProjects\taskapp\vendor\codeigniter4\framework\system\Database\BaseConnection.php(598): CodeIgniter\Database\BaseConnection->simpleQuery('INSERT INTO `us...')
#3 C:\Users\ALPHA\Dropbox\My PC (DESKTOP-5HJ52K5)\Documents\PhpProjects\taskapp\vendor\codeigniter4\framework\system\Database\BaseBuilder.php(1771): CodeIgniter\Database\BaseConnection->query('INSERT INTO `us...', Array, false)
#4 C:\Users\ALPHA\Dropbox\My PC (DESKTOP-5HJ52K5)\Documents\PhpProjects\taskapp\vendor\codeigniter4\framework\system\Model.php(239): CodeIgniter\Database\BaseBuilder->insert()
#5 C:\Users\ALPHA\Dropbox\My PC (DESKTOP-5HJ52K5)\Documents\PhpProjects\taskapp\vendor\codeigniter4\framework\system\BaseModel.php(738): CodeIgniter\Model->doInsert(Array)
#6 C:\Users\ALPHA\Dropbox\My PC (DESKTOP-5HJ52K5)\Documents\PhpProjects\taskapp\vendor\codeigniter4\framework\system\Model.php(625): CodeIgniter\BaseModel->insert(Array, true)
#7 C:\Users\ALPHA\Dropbox\My PC (DESKTOP-5HJ52K5)\Documents\PhpProjects\taskapp\app\Controllers\Admin\Users.php(52): CodeIgniter\Model->insert(Object(App\Entities\User))
#8 C:\Users\ALPHA\Dropbox\My PC (DESKTOP-5HJ52K5)\Documents\PhpProjects\taskapp\vendor\codeigniter4\framework\system\CodeIgniter.php(825): App\Controllers\Admin\Users->create()
#9 C:\Users\ALPHA\Dropbox\My PC (DESKTOP-5HJ52K5)\Documents\PhpProjects\taskapp\vendor\codeigniter4\framework\system\CodeIgniter.php(412): CodeIgniter\CodeIgniter->runController(Object(App\Controllers\Admin\Users))
#10 C:\Users\ALPHA\Dropbox\My PC (DESKTOP-5HJ52K5)\Documents\PhpProjects\taskapp\vendor\codeigniter4\framework\system\CodeIgniter.php(320): CodeIgniter\CodeIgniter->handleRequest(NULL, Object(Config\Cache), false)
#11 C:\Users\ALPHA\Dropbox\My PC (DESKTOP-5HJ52K5)\Documents\PhpProjects\taskapp\public\index.php(37): CodeIgniter\CodeIgniter->run()
#12 {main}
