CRITICAL - 2022-01-21 08:51:19 --> Undefined variable: task
#0 C:\Users\ALPHA\Dropbox\My PC (DESKTOP-5HJ52K5)\Documents\PhpProjects\taskapp\app\Views\Tasks\form.php(4): CodeIgniter\Debug\Exceptions->errorHandler(8, 'Undefined varia...', 'C:\\Users\\ALPHA\\...', 4, Array)
#1 C:\Users\ALPHA\Dropbox\My PC (DESKTOP-5HJ52K5)\Documents\PhpProjects\taskapp\vendor\codeigniter4\framework\system\View\View.php(210): include('C:\\Users\\ALPHA\\...')
#2 C:\Users\ALPHA\Dropbox\My PC (DESKTOP-5HJ52K5)\Documents\PhpProjects\taskapp\vendor\codeigniter4\framework\system\View\View.php(213): CodeIgniter\View\View->CodeIgniter\View\{closure}()
#3 C:\Users\ALPHA\Dropbox\My PC (DESKTOP-5HJ52K5)\Documents\PhpProjects\taskapp\vendor\codeigniter4\framework\system\View\View.php(424): CodeIgniter\View\View->render('Tasks/form', NULL, true)
#4 C:\Users\ALPHA\Dropbox\My PC (DESKTOP-5HJ52K5)\Documents\PhpProjects\taskapp\app\Views\Tasks\new.php(20): CodeIgniter\View\View->include('Tasks/form')
#5 C:\Users\ALPHA\Dropbox\My PC (DESKTOP-5HJ52K5)\Documents\PhpProjects\taskapp\vendor\codeigniter4\framework\system\View\View.php(210): include('C:\\Users\\ALPHA\\...')
#6 C:\Users\ALPHA\Dropbox\My PC (DESKTOP-5HJ52K5)\Documents\PhpProjects\taskapp\vendor\codeigniter4\framework\system\View\View.php(213): CodeIgniter\View\View->CodeIgniter\View\{closure}()
#7 C:\Users\ALPHA\Dropbox\My PC (DESKTOP-5HJ52K5)\Documents\PhpProjects\taskapp\vendor\codeigniter4\framework\system\Common.php(1089): CodeIgniter\View\View->render('Tasks/new', Array, true)
#8 C:\Users\ALPHA\Dropbox\My PC (DESKTOP-5HJ52K5)\Documents\PhpProjects\taskapp\app\Controllers\Tasks.php(54): view('Tasks/new')
#9 C:\Users\ALPHA\Dropbox\My PC (DESKTOP-5HJ52K5)\Documents\PhpProjects\taskapp\vendor\codeigniter4\framework\system\CodeIgniter.php(825): App\Controllers\Tasks->new()
#10 C:\Users\ALPHA\Dropbox\My PC (DESKTOP-5HJ52K5)\Documents\PhpProjects\taskapp\vendor\codeigniter4\framework\system\CodeIgniter.php(412): CodeIgniter\CodeIgniter->runController(Object(App\Controllers\Tasks))
#11 C:\Users\ALPHA\Dropbox\My PC (DESKTOP-5HJ52K5)\Documents\PhpProjects\taskapp\vendor\codeigniter4\framework\system\CodeIgniter.php(320): CodeIgniter\CodeIgniter->handleRequest(NULL, Object(Config\Cache), false)
#12 C:\Users\ALPHA\Dropbox\My PC (DESKTOP-5HJ52K5)\Documents\PhpProjects\taskapp\public\index.php(37): CodeIgniter\CodeIgniter->run()
#13 {main}
CRITICAL - 2022-01-21 09:13:17 --> Cannot use object of type App\Entities\Task as array
#0 C:\Users\ALPHA\Dropbox\My PC (DESKTOP-5HJ52K5)\Documents\PhpProjects\taskapp\vendor\codeigniter4\framework\system\View\View.php(210): include()
#1 C:\Users\ALPHA\Dropbox\My PC (DESKTOP-5HJ52K5)\Documents\PhpProjects\taskapp\vendor\codeigniter4\framework\system\View\View.php(213): CodeIgniter\View\View->CodeIgniter\View\{closure}()
#2 C:\Users\ALPHA\Dropbox\My PC (DESKTOP-5HJ52K5)\Documents\PhpProjects\taskapp\vendor\codeigniter4\framework\system\Common.php(1089): CodeIgniter\View\View->render('Tasks/show', Array, true)
#3 C:\Users\ALPHA\Dropbox\My PC (DESKTOP-5HJ52K5)\Documents\PhpProjects\taskapp\app\Controllers\Tasks.php(47): view('Tasks/show', Array)
#4 C:\Users\ALPHA\Dropbox\My PC (DESKTOP-5HJ52K5)\Documents\PhpProjects\taskapp\vendor\codeigniter4\framework\system\CodeIgniter.php(825): App\Controllers\Tasks->show('8')
#5 C:\Users\ALPHA\Dropbox\My PC (DESKTOP-5HJ52K5)\Documents\PhpProjects\taskapp\vendor\codeigniter4\framework\system\CodeIgniter.php(412): CodeIgniter\CodeIgniter->runController(Object(App\Controllers\Tasks))
#6 C:\Users\ALPHA\Dropbox\My PC (DESKTOP-5HJ52K5)\Documents\PhpProjects\taskapp\vendor\codeigniter4\framework\system\CodeIgniter.php(320): CodeIgniter\CodeIgniter->handleRequest(NULL, Object(Config\Cache), false)
#7 C:\Users\ALPHA\Dropbox\My PC (DESKTOP-5HJ52K5)\Documents\PhpProjects\taskapp\public\index.php(37): CodeIgniter\CodeIgniter->run()
#8 {main}
CRITICAL - 2022-01-21 09:18:21 --> Cannot use object of type App\Entities\Task as array
#0 C:\Users\ALPHA\Dropbox\My PC (DESKTOP-5HJ52K5)\Documents\PhpProjects\taskapp\vendor\codeigniter4\framework\system\View\View.php(210): include()
#1 C:\Users\ALPHA\Dropbox\My PC (DESKTOP-5HJ52K5)\Documents\PhpProjects\taskapp\vendor\codeigniter4\framework\system\View\View.php(213): CodeIgniter\View\View->CodeIgniter\View\{closure}()
#2 C:\Users\ALPHA\Dropbox\My PC (DESKTOP-5HJ52K5)\Documents\PhpProjects\taskapp\vendor\codeigniter4\framework\system\View\View.php(424): CodeIgniter\View\View->render('Tasks/form', NULL, true)
#3 C:\Users\ALPHA\Dropbox\My PC (DESKTOP-5HJ52K5)\Documents\PhpProjects\taskapp\app\Views\Tasks\edit.php(20): CodeIgniter\View\View->include('Tasks/form')
#4 C:\Users\ALPHA\Dropbox\My PC (DESKTOP-5HJ52K5)\Documents\PhpProjects\taskapp\vendor\codeigniter4\framework\system\View\View.php(210): include('C:\\Users\\ALPHA\\...')
#5 C:\Users\ALPHA\Dropbox\My PC (DESKTOP-5HJ52K5)\Documents\PhpProjects\taskapp\vendor\codeigniter4\framework\system\View\View.php(213): CodeIgniter\View\View->CodeIgniter\View\{closure}()
#6 C:\Users\ALPHA\Dropbox\My PC (DESKTOP-5HJ52K5)\Documents\PhpProjects\taskapp\vendor\codeigniter4\framework\system\Common.php(1089): CodeIgniter\View\View->render('Tasks/edit', Array, true)
#7 C:\Users\ALPHA\Dropbox\My PC (DESKTOP-5HJ52K5)\Documents\PhpProjects\taskapp\app\Controllers\Tasks.php(85): view('Tasks/edit', Array)
#8 C:\Users\ALPHA\Dropbox\My PC (DESKTOP-5HJ52K5)\Documents\PhpProjects\taskapp\vendor\codeigniter4\framework\system\CodeIgniter.php(825): App\Controllers\Tasks->edit('8')
#9 C:\Users\ALPHA\Dropbox\My PC (DESKTOP-5HJ52K5)\Documents\PhpProjects\taskapp\vendor\codeigniter4\framework\system\CodeIgniter.php(412): CodeIgniter\CodeIgniter->runController(Object(App\Controllers\Tasks))
#10 C:\Users\ALPHA\Dropbox\My PC (DESKTOP-5HJ52K5)\Documents\PhpProjects\taskapp\vendor\codeigniter4\framework\system\CodeIgniter.php(320): CodeIgniter\CodeIgniter->handleRequest(NULL, Object(Config\Cache), false)
#11 C:\Users\ALPHA\Dropbox\My PC (DESKTOP-5HJ52K5)\Documents\PhpProjects\taskapp\public\index.php(37): CodeIgniter\CodeIgniter->run()
#12 {main}
CRITICAL - 2022-01-21 09:21:24 --> Trying to get property 'description' of non-object
#0 C:\Users\ALPHA\Dropbox\My PC (DESKTOP-5HJ52K5)\Documents\PhpProjects\taskapp\app\Views\Tasks\form.php(4): CodeIgniter\Debug\Exceptions->errorHandler(8, 'Trying to get p...', 'C:\\Users\\ALPHA\\...', 4, Array)
#1 C:\Users\ALPHA\Dropbox\My PC (DESKTOP-5HJ52K5)\Documents\PhpProjects\taskapp\vendor\codeigniter4\framework\system\View\View.php(210): include('C:\\Users\\ALPHA\\...')
#2 C:\Users\ALPHA\Dropbox\My PC (DESKTOP-5HJ52K5)\Documents\PhpProjects\taskapp\vendor\codeigniter4\framework\system\View\View.php(213): CodeIgniter\View\View->CodeIgniter\View\{closure}()
#3 C:\Users\ALPHA\Dropbox\My PC (DESKTOP-5HJ52K5)\Documents\PhpProjects\taskapp\vendor\codeigniter4\framework\system\View\View.php(424): CodeIgniter\View\View->render('Tasks/form', NULL, true)
#4 C:\Users\ALPHA\Dropbox\My PC (DESKTOP-5HJ52K5)\Documents\PhpProjects\taskapp\app\Views\Tasks\new.php(20): CodeIgniter\View\View->include('Tasks/form')
#5 C:\Users\ALPHA\Dropbox\My PC (DESKTOP-5HJ52K5)\Documents\PhpProjects\taskapp\vendor\codeigniter4\framework\system\View\View.php(210): include('C:\\Users\\ALPHA\\...')
#6 C:\Users\ALPHA\Dropbox\My PC (DESKTOP-5HJ52K5)\Documents\PhpProjects\taskapp\vendor\codeigniter4\framework\system\View\View.php(213): CodeIgniter\View\View->CodeIgniter\View\{closure}()
#7 C:\Users\ALPHA\Dropbox\My PC (DESKTOP-5HJ52K5)\Documents\PhpProjects\taskapp\vendor\codeigniter4\framework\system\Common.php(1089): CodeIgniter\View\View->render('Tasks/new', Array, true)
#8 C:\Users\ALPHA\Dropbox\My PC (DESKTOP-5HJ52K5)\Documents\PhpProjects\taskapp\app\Controllers\Tasks.php(55): view('Tasks/new', Array)
#9 C:\Users\ALPHA\Dropbox\My PC (DESKTOP-5HJ52K5)\Documents\PhpProjects\taskapp\vendor\codeigniter4\framework\system\CodeIgniter.php(825): App\Controllers\Tasks->new()
#10 C:\Users\ALPHA\Dropbox\My PC (DESKTOP-5HJ52K5)\Documents\PhpProjects\taskapp\vendor\codeigniter4\framework\system\CodeIgniter.php(412): CodeIgniter\CodeIgniter->runController(Object(App\Controllers\Tasks))
#11 C:\Users\ALPHA\Dropbox\My PC (DESKTOP-5HJ52K5)\Documents\PhpProjects\taskapp\vendor\codeigniter4\framework\system\CodeIgniter.php(320): CodeIgniter\CodeIgniter->handleRequest(NULL, Object(Config\Cache), false)
#12 C:\Users\ALPHA\Dropbox\My PC (DESKTOP-5HJ52K5)\Documents\PhpProjects\taskapp\public\index.php(37): CodeIgniter\CodeIgniter->run()
#13 {main}
CRITICAL - 2022-01-21 17:59:44 --> There is no data to update.
#0 C:\Users\ALPHA\Dropbox\My PC (DESKTOP-5HJ52K5)\Documents\PhpProjects\taskapp\vendor\codeigniter4\framework\system\BaseModel.php(1593): CodeIgniter\Database\Exceptions\DataException::forEmptyDataset('update')
#1 C:\Users\ALPHA\Dropbox\My PC (DESKTOP-5HJ52K5)\Documents\PhpProjects\taskapp\vendor\codeigniter4\framework\system\BaseModel.php(832): CodeIgniter\BaseModel->transformDataToArray(Array, 'update')
#2 C:\Users\ALPHA\Dropbox\My PC (DESKTOP-5HJ52K5)\Documents\PhpProjects\taskapp\vendor\codeigniter4\framework\system\Model.php(651): CodeIgniter\BaseModel->update(Array, Object(App\Entities\Task))
#3 C:\Users\ALPHA\Dropbox\My PC (DESKTOP-5HJ52K5)\Documents\PhpProjects\taskapp\vendor\codeigniter4\framework\system\BaseModel.php(656): CodeIgniter\Model->update('9', Object(App\Entities\Task))
#4 C:\Users\ALPHA\Dropbox\My PC (DESKTOP-5HJ52K5)\Documents\PhpProjects\taskapp\app\Controllers\Tasks.php(100): CodeIgniter\BaseModel->save(Object(App\Entities\Task))
#5 C:\Users\ALPHA\Dropbox\My PC (DESKTOP-5HJ52K5)\Documents\PhpProjects\taskapp\vendor\codeigniter4\framework\system\CodeIgniter.php(825): App\Controllers\Tasks->update('9')
#6 C:\Users\ALPHA\Dropbox\My PC (DESKTOP-5HJ52K5)\Documents\PhpProjects\taskapp\vendor\codeigniter4\framework\system\CodeIgniter.php(412): CodeIgniter\CodeIgniter->runController(Object(App\Controllers\Tasks))
#7 C:\Users\ALPHA\Dropbox\My PC (DESKTOP-5HJ52K5)\Documents\PhpProjects\taskapp\vendor\codeigniter4\framework\system\CodeIgniter.php(320): CodeIgniter\CodeIgniter->handleRequest(NULL, Object(Config\Cache), false)
#8 C:\Users\ALPHA\Dropbox\My PC (DESKTOP-5HJ52K5)\Documents\PhpProjects\taskapp\public\index.php(37): CodeIgniter\CodeIgniter->run()
#9 {main}
CRITICAL - 2022-01-21 18:51:02 --> Call to a member function find() on null
#0 C:\Users\ALPHA\Dropbox\My PC (DESKTOP-5HJ52K5)\Documents\PhpProjects\taskapp\vendor\codeigniter4\framework\system\CodeIgniter.php(825): App\Controllers\Tasks->edit('9')
#1 C:\Users\ALPHA\Dropbox\My PC (DESKTOP-5HJ52K5)\Documents\PhpProjects\taskapp\vendor\codeigniter4\framework\system\CodeIgniter.php(412): CodeIgniter\CodeIgniter->runController(Object(App\Controllers\Tasks))
#2 C:\Users\ALPHA\Dropbox\My PC (DESKTOP-5HJ52K5)\Documents\PhpProjects\taskapp\vendor\codeigniter4\framework\system\CodeIgniter.php(320): CodeIgniter\CodeIgniter->handleRequest(NULL, Object(Config\Cache), false)
#3 C:\Users\ALPHA\Dropbox\My PC (DESKTOP-5HJ52K5)\Documents\PhpProjects\taskapp\public\index.php(37): CodeIgniter\CodeIgniter->run()
#4 {main}
