CRITICAL - 2022-01-22 11:23:02 --> Call to a member function findAll() on null
#0 C:\Users\ALPHA\Dropbox\My PC (DESKTOP-5HJ52K5)\Documents\PhpProjects\taskapp\vendor\codeigniter4\framework\system\CodeIgniter.php(825): App\Controllers\Tasks->index()
#1 C:\Users\ALPHA\Dropbox\My PC (DESKTOP-5HJ52K5)\Documents\PhpProjects\taskapp\vendor\codeigniter4\framework\system\CodeIgniter.php(412): CodeIgniter\CodeIgniter->runController(Object(App\Controllers\Tasks))
#2 C:\Users\ALPHA\Dropbox\My PC (DESKTOP-5HJ52K5)\Documents\PhpProjects\taskapp\vendor\codeigniter4\framework\system\CodeIgniter.php(320): CodeIgniter\CodeIgniter->handleRequest(NULL, Object(Config\Cache), false)
#3 C:\Users\ALPHA\Dropbox\My PC (DESKTOP-5HJ52K5)\Documents\PhpProjects\taskapp\public\index.php(37): CodeIgniter\CodeIgniter->run()
#4 {main}
CRITICAL - 2022-01-22 11:26:20 --> Call to a member function findAll() on null
#0 C:\Users\ALPHA\Dropbox\My PC (DESKTOP-5HJ52K5)\Documents\PhpProjects\taskapp\vendor\codeigniter4\framework\system\CodeIgniter.php(825): App\Controllers\Tasks->index()
#1 C:\Users\ALPHA\Dropbox\My PC (DESKTOP-5HJ52K5)\Documents\PhpProjects\taskapp\vendor\codeigniter4\framework\system\CodeIgniter.php(412): CodeIgniter\CodeIgniter->runController(Object(App\Controllers\Tasks))
#2 C:\Users\ALPHA\Dropbox\My PC (DESKTOP-5HJ52K5)\Documents\PhpProjects\taskapp\vendor\codeigniter4\framework\system\CodeIgniter.php(320): CodeIgniter\CodeIgniter->handleRequest(NULL, Object(Config\Cache), false)
#3 C:\Users\ALPHA\Dropbox\My PC (DESKTOP-5HJ52K5)\Documents\PhpProjects\taskapp\public\index.php(37): CodeIgniter\CodeIgniter->run()
#4 {main}
CRITICAL - 2022-01-22 11:27:58 --> Call to a member function findAll() on null
#0 C:\Users\ALPHA\Dropbox\My PC (DESKTOP-5HJ52K5)\Documents\PhpProjects\taskapp\vendor\codeigniter4\framework\system\CodeIgniter.php(825): App\Controllers\Tasks->index()
#1 C:\Users\ALPHA\Dropbox\My PC (DESKTOP-5HJ52K5)\Documents\PhpProjects\taskapp\vendor\codeigniter4\framework\system\CodeIgniter.php(412): CodeIgniter\CodeIgniter->runController(Object(App\Controllers\Tasks))
#2 C:\Users\ALPHA\Dropbox\My PC (DESKTOP-5HJ52K5)\Documents\PhpProjects\taskapp\vendor\codeigniter4\framework\system\CodeIgniter.php(320): CodeIgniter\CodeIgniter->handleRequest(NULL, Object(Config\Cache), false)
#3 C:\Users\ALPHA\Dropbox\My PC (DESKTOP-5HJ52K5)\Documents\PhpProjects\taskapp\public\index.php(37): CodeIgniter\CodeIgniter->run()
#4 {main}
CRITICAL - 2022-01-22 11:31:39 --> Call to a member function findAll() on null
#0 C:\Users\ALPHA\Dropbox\My PC (DESKTOP-5HJ52K5)\Documents\PhpProjects\taskapp\vendor\codeigniter4\framework\system\CodeIgniter.php(825): App\Controllers\Tasks->index()
#1 C:\Users\ALPHA\Dropbox\My PC (DESKTOP-5HJ52K5)\Documents\PhpProjects\taskapp\vendor\codeigniter4\framework\system\CodeIgniter.php(412): CodeIgniter\CodeIgniter->runController(Object(App\Controllers\Tasks))
#2 C:\Users\ALPHA\Dropbox\My PC (DESKTOP-5HJ52K5)\Documents\PhpProjects\taskapp\vendor\codeigniter4\framework\system\CodeIgniter.php(320): CodeIgniter\CodeIgniter->handleRequest(NULL, Object(Config\Cache), false)
#3 C:\Users\ALPHA\Dropbox\My PC (DESKTOP-5HJ52K5)\Documents\PhpProjects\taskapp\public\index.php(37): CodeIgniter\CodeIgniter->run()
#4 {main}
CRITICAL - 2022-01-22 12:04:01 --> Call to a member function findAll() on null
#0 C:\Users\ALPHA\Dropbox\My PC (DESKTOP-5HJ52K5)\Documents\PhpProjects\taskapp\vendor\codeigniter4\framework\system\CodeIgniter.php(825): App\Controllers\Tasks->index()
#1 C:\Users\ALPHA\Dropbox\My PC (DESKTOP-5HJ52K5)\Documents\PhpProjects\taskapp\vendor\codeigniter4\framework\system\CodeIgniter.php(412): CodeIgniter\CodeIgniter->runController(Object(App\Controllers\Tasks))
#2 C:\Users\ALPHA\Dropbox\My PC (DESKTOP-5HJ52K5)\Documents\PhpProjects\taskapp\vendor\codeigniter4\framework\system\CodeIgniter.php(320): CodeIgniter\CodeIgniter->handleRequest(NULL, Object(Config\Cache), false)
#3 C:\Users\ALPHA\Dropbox\My PC (DESKTOP-5HJ52K5)\Documents\PhpProjects\taskapp\public\index.php(37): CodeIgniter\CodeIgniter->run()
#4 {main}
